<?xml version="1.0" encoding="UTF-8"?>
<testng-results skipped="0" failed="0" ignored="0" total="1" passed="1">
  <reporter-output>
  </reporter-output>
  <suite name="core.CrossBrowserTest" duration-ms="8513" started-at="2017-09-25T00:02:01Z" finished-at="2017-09-25T00:02:09Z">
    <groups>
    </groups>
    <test name="Command line test" duration-ms="8513" started-at="2017-09-25T00:02:01Z" finished-at="2017-09-25T00:02:09Z">
      <class name="core.CrossBrowserTest">
        <test-method status="PASS" signature="test()[pri:0, instance:core.CrossBrowserTest@2ed94a8b]" name="test" duration-ms="8494" started-at="2017-09-24T17:02:01Z" finished-at="2017-09-24T17:02:09Z">
          <reporter-output>
          </reporter-output>
        </test-method> <!-- test -->
      </class> <!-- core.CrossBrowserTest -->
    </test> <!-- Command line test -->
  </suite> <!-- core.CrossBrowserTest -->
</testng-results>
